<?xml version="1.0" encoding="UTF-8"?>
<!-- Generated by org.testng.reporters.JUnitReportReporter -->
<testsuite skipped="0" hostname="Roselins-MacBook-Pro.local" name="APi.ValidateAPI" tests="1" failures="0" timestamp="2021-05-28T00:34:07 IST" time="4.078" errors="0">
  <testcase name="TestAPI" time="4.078" classname="APi.ValidateAPI"/>
  <system-out/>
</testsuite> <!-- APi.ValidateAPI -->
