<?xml version="1.0" encoding="UTF-8"?>
<!-- Generated by org.testng.reporters.JUnitReportReporter -->
<testsuite skipped="0" hostname="Roselins-MacBook-Pro.local" name="com.LoginFramework.Login$Loginc" tests="3" failures="0" timestamp="2021-05-17T20:06:50 IST" time="20.179" errors="0">
  <testcase name="run" time="9.933" classname="com.LoginFramework.Login$Loginc"/>
  <system-out/>
  <testcase name="Verifyorders" time="2.321" classname="com.LoginFramework.Login$Loginc"/>
  <system-out/>
  <testcase name="pageload" time="7.925" classname="com.LoginFramework.Login$Loginc"/>
  <system-out/>
</testsuite> <!-- com.LoginFramework.Login$Loginc -->
